#
# A fatal error has been detected by the Java Runtime Environment:
#
#  SIGSEGV (0xb) at pc=0x00000001101729c9, pid=5784, tid=8963
#
# JRE version: Java(TM) SE Runtime Environment (8.0_65-b17) (build 1.8.0_65-b17)
# Java VM: Java HotSpot(TM) 64-Bit Server VM (25.65-b01 mixed mode bsd-amd64 compressed oops)
# Problematic frame:
# V  [libjvm.dylib+0x1a89c9]  oopDesc::size()+0x2d
#
# Failed to write core dump. Core dumps have been disabled. To enable core dumping, try "ulimit -c unlimited" before starting Java again
#
# If you would like to submit a bug report, please visit:
#   http://bugreport.java.com/bugreport/crash.jsp
#

---------------  T H R E A D  ---------------

Current thread (0x00007fc953006000):  GCTaskThread [stack: 0x0000000121473000,0x0000000121573000] [id=8963]

siginfo: si_signo: 11 (SIGSEGV), si_code: 1 (SEGV_MAPERR), si_addr: 0x00000005aba3b3c8

Registers:
RAX=0x00000001107fa8d0, RBX=0x00000010f80000f5, RCX=0x0000000000000003, RDX=0x0000000000000001
RSP=0x0000000121572bd0, RBP=0x0000000121572bd0, RSI=0x00000007a43f8348, RDI=0x00000005aba3b3c0
R8 =0x00000001108a91e0, R9 =0x00000007a1e16180, R10=0x00000007a1e1e180, R11=0x00000007a1e17120
R12=0x000000011089eb06, R13=0x00000007a1e17245, R14=0x00007fc95181c9c0, R15=0x00007fc95181ca58
RIP=0x00000001101729c9, EFLAGS=0x0000000000010206, ERR=0x0000000000000004
  TRAPNO=0x000000000000000e

Top of Stack: (sp=0x0000000121572bd0)
0x0000000121572bd0:   0000000121572c40 0000000110489d29
0x0000000121572be0:   0000000000000000 00000007a43f8348
0x0000000121572bf0:   00000007a1e16180 0000000000001000
0x0000000121572c00:   0000000000000000 0000000000000000
0x0000000121572c10:   000080000000001d 00000007a1e17245
0x0000000121572c20:   000000011089eb06 00000007a1e17245
0x0000000121572c30:   00000007a1e17244 00007fc95181ca58
0x0000000121572c40:   0000000121572c60 000000011048a23f
0x0000000121572c50:   00007fc95181c9c0 00007fc95181ca20
0x0000000121572c60:   0000000121572cc0 000000011048925d
0x0000000121572c70:   000000074051edec 00000007c0038940
0x0000000121572c80:   00000007a1e17245 00000007c0038940
0x0000000121572c90:   00007fc95181c9c0 000000074051ee00
0x0000000121572ca0:   0000000120cc58f7 000000074051ee00
0x0000000121572cb0:   0000000120cc5901 0000000000000240
0x0000000121572cc0:   0000000121572d80 00000001101207f8
0x0000000121572cd0:   0000000000003800 0000000000000200
0x0000000121572ce0:   fffffffedf32139d 0000000000000080
0x0000000121572cf0:   0000000120cdec61 000000011d2c3080
0x0000000121572d00:   0000000120cdec62 0000000003a02800
0x0000000121572d10:   fffffffedf33a6ff 0000000003a1bc62
0x0000000121572d20:   0000000120cc5900 0000000120cc5881
0x0000000121572d30:   000000074378c300 0000000740520080
0x0000000121572d40:   00007fc951416bf0 00007fc95181c9c0
0x0000000121572d50:   00007fc951416970 00007fc951707e00
0x0000000121572d60:   0000000000000000 00000001105d3780
0x0000000121572d70:   00007fc95181c9c0 0000000000000001
0x0000000121572d80:   0000000121572db0 000000011048cd93
0x0000000121572d90:   0000000000000004 00007fc951603500
0x0000000121572da0:   00007fc953006000 00007fc951707e00
0x0000000121572db0:   0000000121572e90 000000011023e3eb
0x0000000121572dc0:   0000000121572df0 00007fc951703c10 

Instructions: (pc=0x00000001101729c9)
0x00000001101729a9:   84 d2 48 89 fe 74 15 48 8d 05 19 7f 68 00 8a 48
0x00000001101729b9:   08 8b 7e 08 48 d3 e7 48 03 38 eb 04 48 8b 7e 08
0x00000001101729c9:   8b 47 08 85 c0 7e 09 a8 01 75 4e c1 f8 03 eb 47
0x00000001101729d9:   85 c0 7f 43 85 c0 79 41 84 d2 0f 94 c1 0f b6 c9 

Register to memory mapping:

RAX=0x00000001107fa8d0: _ZN8Universe13_narrow_klassE+0 in /Library/Java/JavaVirtualMachines/jdk1.8.0_65.jdk/Contents/Home/jre/lib/server/libjvm.dylib at 0x000000010ffca000
RBX=0x00000010f80000f5 is an unknown value
RCX=0x0000000000000003 is an unknown value
RDX=0x0000000000000001 is an unknown value
RSP=0x0000000121572bd0 is an unknown value
RBP=0x0000000121572bd0 is an unknown value
RSI=0x00000007a43f8348 is an oop

[error occurred during error reporting (printing register info), id 0xb]

Stack: [0x0000000121473000,0x0000000121573000],  sp=0x0000000121572bd0,  free space=1022k
Native frames: (J=compiled Java code, j=interpreted, Vv=VM code, C=native code)
V  [libjvm.dylib+0x1a89c9]  oopDesc::size()+0x2d
V  [libjvm.dylib+0x4bfd29]  oopDesc* PSPromotionManager::copy_to_survivor_space<false>(oopDesc*)+0x35
V  [libjvm.dylib+0x4c023f]  PSPromotionManager::process_popped_location_depth(StarTask)+0x73
V  [libjvm.dylib+0x4bf25d]  PSPromotionManager::drain_stacks_depth(bool)+0x117
V  [libjvm.dylib+0x1567f8]  CardTableExtension::scavenge_contents_parallel(ObjectStartArray*, MutableSpace*, HeapWord*, PSPromotionManager*, unsigned int, unsigned int)+0x380
V  [libjvm.dylib+0x4c2d93]  OldToYoungRootsTask::do_it(GCTaskManager*, unsigned int)+0x4b
V  [libjvm.dylib+0x2743eb]  GCTaskThread::run()+0x1a1
V  [libjvm.dylib+0x48342e]  java_start(Thread*)+0xf6
C  [libsystem_pthread.dylib+0x405a]  _pthread_body+0x83
C  [libsystem_pthread.dylib+0x3fd7]  _pthread_body+0x0
C  [libsystem_pthread.dylib+0x13ed]  thread_start+0xd


---------------  P R O C E S S  ---------------

Java Threads: ( => current thread )
  0x00007fc951ead800 JavaThread "pool-22-thread-4" [_thread_blocked, id=27659, stack(0x000000012eecf000,0x000000012efcf000)]
  0x00007fc951ead000 JavaThread "pool-22-thread-3" [_thread_blocked, id=33287, stack(0x000000012edcc000,0x000000012eecc000)]
  0x00007fc953ae6800 JavaThread "pool-22-thread-2" [_thread_blocked, id=32779, stack(0x000000012e6b7000,0x000000012e7b7000)]
  0x00007fc953eec800 JavaThread "pool-23-thread-1" [_thread_blocked, id=27915, stack(0x000000012b97c000,0x000000012ba7c000)]
  0x00007fc9518a7000 JavaThread "pool-22-thread-1" [_thread_blocked, id=31755, stack(0x000000012b347000,0x000000012b447000)]
  0x00007fc9550d1000 JavaThread "pool-16-thread-4" [_thread_blocked, id=36867, stack(0x000000012f5e4000,0x000000012f6e4000)]
  0x00007fc955107800 JavaThread "pool-16-thread-3" [_thread_blocked, id=32263, stack(0x000000012ecc9000,0x000000012edc9000)]
  0x00007fc953ce1000 JavaThread "pool-16-thread-2" [_thread_blocked, id=30727, stack(0x000000012e9c0000,0x000000012eac0000)]
  0x00007fc954c04000 JavaThread "pool-17-thread-1" [_thread_blocked, id=28679, stack(0x000000012e7ba000,0x000000012e8ba000)]
  0x00007fc954096000 JavaThread "pool-16-thread-1" [_thread_blocked, id=29707, stack(0x000000012e5b4000,0x000000012e6b4000)]
  0x00007fc95490d000 JavaThread "pool-10-thread-4" [_thread_blocked, id=36355, stack(0x000000012f4e1000,0x000000012f5e1000)]
  0x00007fc952548000 JavaThread "pool-10-thread-3" [_thread_blocked, id=35843, stack(0x000000012f3de000,0x000000012f4de000)]
  0x00007fc953615800 JavaThread "pool-10-thread-2" [_thread_blocked, id=35331, stack(0x000000012f2db000,0x000000012f3db000)]
  0x00007fc9541cb800 JavaThread "pool-11-thread-1" [_thread_blocked, id=34819, stack(0x000000012f1d8000,0x000000012f2d8000)]
  0x00007fc9541ca800 JavaThread "pool-10-thread-1" [_thread_blocked, id=34307, stack(0x000000012f0d5000,0x000000012f1d5000)]
  0x00007fc9541c8000 JavaThread "pool-14-thread-1" [_thread_blocked, id=31235, stack(0x000000012eac3000,0x000000012ebc3000)]
  0x00007fc9535ee800 JavaThread "pool-9-thread-1" [_thread_blocked, id=30211, stack(0x000000012e8bd000,0x000000012e9bd000)]
  0x00007fc953de9000 JavaThread "pool-2-thread-4" [_thread_blocked, id=26627, stack(0x000000012e2b1000,0x000000012e3b1000)]
  0x00007fc954435000 JavaThread "pool-2-thread-3" [_thread_blocked, id=26115, stack(0x000000012e1ae000,0x000000012e2ae000)]
  0x00007fc951e77000 JavaThread "pool-2-thread-2" [_thread_blocked, id=25603, stack(0x000000012e0ab000,0x000000012e1ab000)]
  0x00007fc951e74800 JavaThread "pool-2-thread-1" [_thread_blocked, id=25091, stack(0x000000012dfa8000,0x000000012e0a8000)]
  0x00007fc951e52000 JavaThread "pool-1-thread-4" [_thread_blocked, id=24579, stack(0x000000012dea5000,0x000000012dfa5000)]
  0x00007fc951e51800 JavaThread "pool-1-thread-3" [_thread_blocked, id=12807, stack(0x000000012daed000,0x000000012dbed000)]
  0x00007fc951e50800 JavaThread "pool-1-thread-2" [_thread_blocked, id=14087, stack(0x000000012d516000,0x000000012d616000)]
  0x00007fc951e50000 JavaThread "pool-1-thread-1" [_thread_blocked, id=12299, stack(0x000000012c595000,0x000000012c695000)]
  0x00007fc954ab0800 JavaThread "File lock request listener" [_thread_in_native, id=23811, stack(0x000000012be8a000,0x000000012bf8a000)]
  0x00007fc951ce7000 JavaThread "process reaper" daemon [_thread_blocked, id=23299, stack(0x0000000129a9a000,0x0000000129ac2000)]
  0x00007fc952366000 JavaThread "Stdin handler" [_thread_blocked, id=22787, stack(0x000000012a819000,0x000000012a919000)]
  0x00007fc9529f6000 JavaThread "Daemon worker" [_thread_blocked, id=22275, stack(0x000000012a516000,0x000000012a616000)]
  0x00007fc953288000 JavaThread "Cancel handler" [_thread_blocked, id=21763, stack(0x000000012a413000,0x000000012a513000)]
  0x00007fc952a4e800 JavaThread "Handler for socket connection from /127.0.0.1:62736 to /127.0.0.1:62737" [_thread_in_native, id=21251, stack(0x000000012a310000,0x000000012a410000)]
  0x00007fc95296a000 JavaThread "Daemon" [_thread_blocked, id=20739, stack(0x000000012a20d000,0x000000012a30d000)]
  0x00007fc9519e5000 JavaThread "Incoming local TCP Connector on port 62736" [_thread_in_native, id=20487, stack(0x000000012a10a000,0x000000012a20a000)]
  0x00007fc952001000 JavaThread "Service Thread" daemon [_thread_blocked, id=18179, stack(0x0000000129666000,0x0000000129766000)]
  0x00007fc95183d800 JavaThread "C1 CompilerThread2" daemon [_thread_blocked, id=17667, stack(0x0000000129563000,0x0000000129663000)]
  0x00007fc953034000 JavaThread "C2 CompilerThread1" daemon [_thread_in_native, id=17155, stack(0x0000000129460000,0x0000000129560000)]
  0x00007fc952836800 JavaThread "C2 CompilerThread0" daemon [_thread_in_native, id=16643, stack(0x000000012935d000,0x000000012945d000)]
  0x00007fc953004000 JavaThread "Signal Dispatcher" daemon [_thread_blocked, id=13583, stack(0x000000012925a000,0x000000012935a000)]
  0x00007fc952007000 JavaThread "Finalizer" daemon [_thread_blocked, id=11523, stack(0x0000000127850000,0x0000000127950000)]
  0x00007fc952006800 JavaThread "Reference Handler" daemon [_thread_blocked, id=11011, stack(0x000000012774d000,0x000000012784d000)]
  0x00007fc95180a000 JavaThread "main" [_thread_blocked, id=4867, stack(0x0000000111801000,0x0000000111901000)]

Other Threads:
  0x00007fc95181d800 VMThread [stack: 0x000000012764a000,0x000000012774a000] [id=10499]
  0x00007fc953030800 WatcherThread [stack: 0x0000000129769000,0x0000000129869000] [id=18691]

=>0x00007fc953006000 (exited) GCTaskThread [stack: 0x0000000121473000,0x0000000121573000] [id=8963]

VM state:at safepoint (normal execution)

VM Mutex/Monitor currently owned by a thread:  ([mutex/lock_event])
[0x00007fc9517028e0] Threads_lock - owner thread: 0x00007fc95181d800
[0x00007fc951702de0] Heap_lock - owner thread: 0x00007fc9518a7000

Heap:
 PSYoungGen      total 229376K, used 229347K [0x0000000795580000, 0x00000007a7980000, 0x00000007c0000000)
  eden space 201728K, 100% used [0x0000000795580000,0x00000007a1a80000,0x00000007a1a80000)
  from space 27648K, 99% used [0x00000007a3f80000,0x00000007a5a78c58,0x00000007a5a80000)
  to   space 37888K, 39% used [0x00000007a1a80000,0x00000007a2944630,0x00000007a3f80000)
 ParOldGen       total 111104K, used 56880K [0x0000000740000000, 0x0000000746c80000, 0x0000000795580000)
  object space 111104K, 51% used [0x0000000740000000,0x000000074378c300,0x0000000746c80000)
 Metaspace       used 50921K, capacity 51980K, committed 52224K, reserved 1093632K
  class space    used 6830K, capacity 7098K, committed 7168K, reserved 1048576K

Card table byte_map: [0x0000000120cc3000,0x00000001210c4000] byte_map_base: 0x000000011d2c3000

Marking Bits: (ParMarkBitMap*) 0x00000001108a8e20
 Begin Bits: [0x000000012177b000, 0x000000012377b000)
 End Bits:   [0x000000012377b000, 0x000000012577b000)

Polling page: 0x0000000110fad000

CodeCache: size=245760Kb used=20746Kb max_used=21456Kb free=225013Kb
 bounds [0x0000000111903000, 0x0000000112e13000, 0x0000000120903000]
 total_blobs=7155 nmethods=6450 adapters=617
 compilation: enabled

Compilation events (10 events):
Event: 17.424 Thread 0x00007fc95183d800 nmethod 8093 0x0000000112398850 code [0x0000000112398c20, 0x000000011239a198]
Event: 17.424 Thread 0x00007fc95183d800 8131       2       com.android.dx.ssa.SsaMethod::forEachBlockDepthFirstDom (128 bytes)
Event: 17.425 Thread 0x00007fc95183d800 nmethod 8131 0x00000001121953d0 code [0x0000000112195660, 0x00000001121966d8]
Event: 17.425 Thread 0x00007fc95183d800 8100       2       com.android.dx.cf.code.Ropper::addExceptionSetupBlocks (203 bytes)
Event: 17.427 Thread 0x00007fc95183d800 nmethod 8100 0x00000001120f8350 code [0x00000001120f8640, 0x00000001120f9388]
Event: 17.427 Thread 0x00007fc95183d800 8096       2       com.android.dx.dex.code.RopTranslator::pickOrder (400 bytes)
Event: 17.428 Thread 0x00007fc95183d800 nmethod 8096 0x0000000111bae250 code [0x0000000111bae4a0, 0x0000000111baeff8]
Event: 17.428 Thread 0x00007fc95183d800 8105       2       com.android.dx.ssa.back.FirstFitLocalCombiningAllocator::handleNormalUnassociated (99 bytes)
Event: 17.461 Thread 0x00007fc95183d800 nmethod 8105 0x0000000112cbb5d0 code [0x0000000112cbb800, 0x0000000112cbbdb8]
Event: 17.461 Thread 0x00007fc95183d800 8142 %     3       com.android.dx.ssa.SsaConverter::placePhiFunctions @ 229 (394 bytes)

GC Heap History (10 events):
Event: 6.455 GC heap after
Heap after GC invocations=8 (full 2):
 PSYoungGen      total 141824K, used 0K [0x0000000795580000, 0x00000007a2500000, 0x00000007c0000000)
  eden space 129024K, 0% used [0x0000000795580000,0x0000000795580000,0x000000079d380000)
  from space 12800K, 0% used [0x000000079e080000,0x000000079e080000,0x000000079ed00000)
  to   space 13312K, 0% used [0x000000079d380000,0x000000079d380000,0x000000079e080000)
 ParOldGen       total 111104K, used 18260K [0x0000000740000000, 0x0000000746c80000, 0x0000000795580000)
  object space 111104K, 16% used [0x0000000740000000,0x00000007411d5390,0x0000000746c80000)
 Metaspace       used 34821K, capacity 35368K, committed 35416K, reserved 1079296K
  class space    used 4632K, capacity 4829K, committed 4864K, reserved 1048576K
}
Event: 10.741 GC heap before
{Heap before GC invocations=9 (full 2):
 PSYoungGen      total 141824K, used 129024K [0x0000000795580000, 0x00000007a2500000, 0x00000007c0000000)
  eden space 129024K, 100% used [0x0000000795580000,0x000000079d380000,0x000000079d380000)
  from space 12800K, 0% used [0x000000079e080000,0x000000079e080000,0x000000079ed00000)
  to   space 13312K, 0% used [0x000000079d380000,0x000000079d380000,0x000000079e080000)
 ParOldGen       total 111104K, used 18260K [0x0000000740000000, 0x0000000746c80000, 0x0000000795580000)
  object space 111104K, 16% used [0x0000000740000000,0x00000007411d5390,0x0000000746c80000)
 Metaspace       used 40939K, capacity 41710K, committed 41856K, reserved 1085440K
  class space    used 5468K, capacity 5646K, committed 5760K, reserved 1048576K
Event: 10.762 GC heap after
Heap after GC invocations=9 (full 2):
 PSYoungGen      total 142336K, used 11634K [0x0000000795580000, 0x00000007a1d00000, 0x00000007c0000000)
  eden space 129024K, 0% used [0x0000000795580000,0x0000000795580000,0x000000079d380000)
  from space 13312K, 87% used [0x000000079d380000,0x000000079dedca80,0x000000079e080000)
  to   space 14336K, 0% used [0x00000007a0f00000,0x00000007a0f00000,0x00000007a1d00000)
 ParOldGen       total 111104K, used 18268K [0x0000000740000000, 0x0000000746c80000, 0x0000000795580000)
  object space 111104K, 16% used [0x0000000740000000,0x00000007411d7390,0x0000000746c80000)
 Metaspace       used 40939K, capacity 41710K, committed 41856K, reserved 1085440K
  class space    used 5468K, capacity 5646K, committed 5760K, reserved 1048576K
}
Event: 12.983 GC heap before
{Heap before GC invocations=10 (full 2):
 PSYoungGen      total 142336K, used 140658K [0x0000000795580000, 0x00000007a1d00000, 0x00000007c0000000)
  eden space 129024K, 100% used [0x0000000795580000,0x000000079d380000,0x000000079d380000)
  from space 13312K, 87% used [0x000000079d380000,0x000000079dedca80,0x000000079e080000)
  to   space 14336K, 0% used [0x00000007a0f00000,0x00000007a0f00000,0x00000007a1d00000)
 ParOldGen       total 111104K, used 18268K [0x0000000740000000, 0x0000000746c80000, 0x0000000795580000)
  object space 111104K, 16% used [0x0000000740000000,0x00000007411d7390,0x0000000746c80000)
 Metaspace       used 47580K, capacity 48590K, committed 48768K, reserved 1091584K
  class space    used 6508K, capacity 6757K, committed 6784K, reserved 1048576K
Event: 13.039 GC heap after
Heap after GC invocations=10 (full 2):
 PSYoungGen      total 184320K, used 14321K [0x0000000795580000, 0x00000007a2a00000, 0x00000007c0000000)
  eden space 169984K, 0% used [0x0000000795580000,0x0000000795580000,0x000000079fb80000)
  from space 14336K, 99% used [0x00000007a0f00000,0x00000007a1cfc618,0x00000007a1d00000)
  to   space 19968K, 0% used [0x000000079fb80000,0x000000079fb80000,0x00000007a0f00000)
 ParOldGen       total 111104K, used 27063K [0x0000000740000000, 0x0000000746c80000, 0x0000000795580000)
  object space 111104K, 24% used [0x0000000740000000,0x0000000741a6de10,0x0000000746c80000)
 Metaspace       used 47580K, capacity 48590K, committed 48768K, reserved 1091584K
  class space    used 6508K, capacity 6757K, committed 6784K, reserved 1048576K
}
Event: 14.877 GC heap before
{Heap before GC invocations=11 (full 2):
 PSYoungGen      total 184320K, used 184305K [0x0000000795580000, 0x00000007a2a00000, 0x00000007c0000000)
  eden space 169984K, 100% used [0x0000000795580000,0x000000079fb80000,0x000000079fb80000)
  from space 14336K, 99% used [0x00000007a0f00000,0x00000007a1cfc618,0x00000007a1d00000)
  to   space 19968K, 0% used [0x000000079fb80000,0x000000079fb80000,0x00000007a0f00000)
 ParOldGen       total 111104K, used 27063K [0x0000000740000000, 0x0000000746c80000, 0x0000000795580000)
  object space 111104K, 24% used [0x0000000740000000,0x0000000741a6de10,0x0000000746c80000)
 Metaspace       used 50453K, capacity 51532K, committed 51712K, reserved 1093632K
  class space    used 6816K, capacity 7098K, committed 7168K, reserved 1048576K
Event: 14.939 GC heap after
Heap after GC invocations=11 (full 2):
 PSYoungGen      total 189952K, used 19949K [0x0000000795580000, 0x00000007a5a80000, 0x00000007c0000000)
  eden space 169984K, 0% used [0x0000000795580000,0x0000000795580000,0x000000079fb80000)
  from space 19968K, 99% used [0x000000079fb80000,0x00000007a0efb680,0x00000007a0f00000)
  to   space 27648K, 0% used [0x00000007a3f80000,0x00000007a3f80000,0x00000007a5a80000)
 ParOldGen       total 111104K, used 39818K [0x0000000740000000, 0x0000000746c80000, 0x0000000795580000)
  object space 111104K, 35% used [0x0000000740000000,0x00000007426e2890,0x0000000746c80000)
 Metaspace       used 50453K, capacity 51532K, committed 51712K, reserved 1093632K
  class space    used 6816K, capacity 7098K, committed 7168K, reserved 1048576K
}
Event: 16.289 GC heap before
{Heap before GC invocations=12 (full 2):
 PSYoungGen      total 189952K, used 189933K [0x0000000795580000, 0x00000007a5a80000, 0x00000007c0000000)
  eden space 169984K, 100% used [0x0000000795580000,0x000000079fb80000,0x000000079fb80000)
  from space 19968K, 99% used [0x000000079fb80000,0x00000007a0efb680,0x00000007a0f00000)
  to   space 27648K, 0% used [0x00000007a3f80000,0x00000007a3f80000,0x00000007a5a80000)
 ParOldGen       total 111104K, used 39818K [0x0000000740000000, 0x0000000746c80000, 0x0000000795580000)
  object space 111104K, 35% used [0x0000000740000000,0x00000007426e2890,0x0000000746c80000)
 Metaspace       used 50680K, capacity 51788K, committed 51968K, reserved 1093632K
  class space    used 6818K, capacity 7098K, committed 7168K, reserved 1048576K
Event: 16.400 GC heap after
Heap after GC invocations=12 (full 2):
 PSYoungGen      total 229376K, used 27619K [0x0000000795580000, 0x00000007a7980000, 0x00000007c0000000)
  eden space 201728K, 0% used [0x0000000795580000,0x0000000795580000,0x00000007a1a80000)
  from space 27648K, 99% used [0x00000007a3f80000,0x00000007a5a78c58,0x00000007a5a80000)
  to   space 37888K, 0% used [0x00000007a1a80000,0x00000007a1a80000,0x00000007a3f80000)
 ParOldGen       total 111104K, used 56880K [0x0000000740000000, 0x0000000746c80000, 0x0000000795580000)
  object space 111104K, 51% used [0x0000000740000000,0x000000074378c300,0x0000000746c80000)
 Metaspace       used 50680K, capacity 51788K, committed 51968K, reserved 1093632K
  class space    used 6818K, capacity 7098K, committed 7168K, reserved 1048576K
}
Event: 17.472 GC heap before
{Heap before GC invocations=13 (full 2):
 PSYoungGen      total 229376K, used 229347K [0x0000000795580000, 0x00000007a7980000, 0x00000007c0000000)
  eden space 201728K, 100% used [0x0000000795580000,0x00000007a1a80000,0x00000007a1a80000)
  from space 27648K, 99% used [0x00000007a3f80000,0x00000007a5a78c58,0x00000007a5a80000)
  to   space 37888K, 0% used [0x00000007a1a80000,0x00000007a1a80000,0x00000007a3f80000)
 ParOldGen       total 111104K, used 56880K [0x0000000740000000, 0x0000000746c80000, 0x0000000795580000)
  object space 111104K, 51% used [0x0000000740000000,0x000000074378c300,0x0000000746c80000)
 Metaspace       used 50921K, capacity 51980K, committed 52224K, reserved 1093632K
  class space    used 6830K, capacity 7098K, committed 7168K, reserved 1048576K

Deoptimization events (10 events):
Event: 14.035 Thread 0x00007fc953615800 Uncommon trap: reason=unstable_if action=reinterpret pc=0x0000000112c5ea3c method=java.util.concurrent.locks.AbstractQueuedSynchronizer.hasQueuedPredecessors()Z @ 12
Event: 14.358 Thread 0x00007fc953615800 Uncommon trap: reason=unstable_if action=reinterpret pc=0x0000000111ab3134 method=java.util.concurrent.ConcurrentHashMap.putVal(Ljava/lang/Object;Ljava/lang/Object;Z)Ljava/lang/Object; @ 195
Event: 14.460 Thread 0x00007fc951e74800 Uncommon trap: reason=unstable_if action=reinterpret pc=0x0000000112a517d0 method=java.util.Formatter$FormatSpecifier.precision(Ljava/lang/String;)I @ 6
Event: 14.460 Thread 0x00007fc951e74800 Uncommon trap: reason=unstable_if action=reinterpret pc=0x0000000112b1eb8c method=java.lang.ThreadLocal$ThreadLocalMap.nextIndex(II)I @ 4
Event: 14.800 Thread 0x00007fc9550d1000 Uncommon trap: reason=unstable_if action=reinterpret pc=0x0000000111fb5574 method=java.util.concurrent.ConcurrentHashMap.addCount(JI)V @ 34
Event: 14.801 Thread 0x00007fc9550d1000 Uncommon trap: reason=unstable_if action=reinterpret pc=0x0000000112079378 method=java.util.concurrent.ConcurrentHashMap.addCount(JI)V @ 7
Event: 15.194 Thread 0x00007fc955081000 Uncommon trap: reason=unstable_if action=reinterpret pc=0x0000000111c53fc8 method=com.android.dx.rop.code.RegisterSpecSet.put(Lcom/android/dx/rop/code/RegisterSpec;)V @ 77
Event: 16.603 Thread 0x00007fc951e77000 Uncommon trap: reason=unstable_if action=reinterpret pc=0x0000000112a7075c method=java.lang.ThreadLocal$ThreadLocalMap.nextIndex(II)I @ 4
Event: 17.115 Thread 0x00007fc951ead800 Uncommon trap: reason=unstable_if action=reinterpret pc=0x0000000112e00570 method=com.android.dx.ssa.SsaMethod.getExitBlock()Lcom/android/dx/ssa/SsaBasicBlock; @ 4
Event: 17.151 Thread 0x00007fc953ae6800 Uncommon trap: reason=unstable_if action=reinterpret pc=0x00000001121516ec method=java.util.concurrent.ConcurrentHashMap.putVal(Ljava/lang/Object;Ljava/lang/Object;Z)Ljava/lang/Object; @ 331

Internal exceptions (10 events):
Event: 12.836 Thread 0x00007fc9529f6000 Exception <a 'java/lang/ClassNotFoundException': com/android/builder/model/AndroidProjectBeanInfo> (0x000000079ceb2c80) thrown at [/Users/java_re/workspace/8-2-build-macosx-x86_64/jdk8u65/4987/hotspot/src/share/vm/classfile/systemDictionary.cpp, line 210]
Event: 12.837 Thread 0x00007fc9529f6000 Exception <a 'java/lang/ClassNotFoundException': com/android/builder/model/AndroidProjectCustomizer> (0x000000079cec1f30) thrown at [/Users/java_re/workspace/8-2-build-macosx-x86_64/jdk8u65/4987/hotspot/src/share/vm/classfile/systemDictionary.cpp, line 21
Event: 12.839 Thread 0x00007fc9529f6000 Exception <a 'java/lang/ClassNotFoundException': java/io/FileBeanInfo> (0x000000079cf11e00) thrown at [/Users/java_re/workspace/8-2-build-macosx-x86_64/jdk8u65/4987/hotspot/src/share/vm/classfile/systemDictionary.cpp, line 210]
Event: 12.839 Thread 0x00007fc9529f6000 Exception <a 'java/lang/ClassNotFoundException': java/io/FileCustomizer> (0x000000079cf17118) thrown at [/Users/java_re/workspace/8-2-build-macosx-x86_64/jdk8u65/4987/hotspot/src/share/vm/classfile/systemDictionary.cpp, line 210]
Event: 12.881 Thread 0x00007fc9529f6000 Exception <a 'java/lang/ClassNotFoundException': java/lang/IntegerBeanInfo> (0x000000079cff2cb0) thrown at [/Users/java_re/workspace/8-2-build-macosx-x86_64/jdk8u65/4987/hotspot/src/share/vm/classfile/systemDictionary.cpp, line 210]
Event: 12.881 Thread 0x00007fc9529f6000 Exception <a 'java/lang/ClassNotFoundException': java/lang/NumberBeanInfo> (0x000000079cff8358) thrown at [/Users/java_re/workspace/8-2-build-macosx-x86_64/jdk8u65/4987/hotspot/src/share/vm/classfile/systemDictionary.cpp, line 210]
Event: 12.881 Thread 0x00007fc9529f6000 Exception <a 'java/lang/ClassNotFoundException': java/lang/NumberCustomizer> (0x000000079cffda20) thrown at [/Users/java_re/workspace/8-2-build-macosx-x86_64/jdk8u65/4987/hotspot/src/share/vm/classfile/systemDictionary.cpp, line 210]
Event: 12.881 Thread 0x00007fc9529f6000 Exception <a 'java/lang/ClassNotFoundException': java/lang/IntegerCustomizer> (0x000000079d006a08) thrown at [/Users/java_re/workspace/8-2-build-macosx-x86_64/jdk8u65/4987/hotspot/src/share/vm/classfile/systemDictionary.cpp, line 210]
Event: 12.885 Thread 0x00007fc9529f6000 Exception <a 'java/lang/ClassNotFoundException': com/google/common/collect/ListsBeanInfo> (0x000000079d069c38) thrown at [/Users/java_re/workspace/8-2-build-macosx-x86_64/jdk8u65/4987/hotspot/src/share/vm/classfile/systemDictionary.cpp, line 210]
Event: 12.886 Thread 0x00007fc9529f6000 Exception <a 'java/lang/ClassNotFoundException': com/google/common/collect/ListsCustomizer> (0x000000079d077938) thrown at [/Users/java_re/workspace/8-2-build-macosx-x86_64/jdk8u65/4987/hotspot/src/share/vm/classfile/systemDictionary.cpp, line 210]

Events (10 events):
Event: 17.402 Thread 0x00007fc951ead800 DEOPT UNPACKING pc=0x0000000111949f73 sp=0x000000012efcdd80 mode 0
Event: 17.405 Thread 0x00007fc9541ca800 DEOPT PACKING pc=0x0000000112e0408a sp=0x000000012f1d4030
Event: 17.405 Thread 0x00007fc9541ca800 DEOPT UNPACKING pc=0x0000000111949f73 sp=0x000000012f1d3d80 mode 0
Event: 17.421 Thread 0x00007fc954096000 DEOPT PACKING pc=0x0000000111a96640 sp=0x000000012e6b2ff0
Event: 17.421 Thread 0x00007fc954096000 DEOPT UNPACKING pc=0x0000000111949f73 sp=0x000000012e6b2e00 mode 0
Event: 17.435 Thread 0x00007fc953615800 DEOPT PACKING pc=0x0000000111a96640 sp=0x000000012f3d9e80
Event: 17.435 Thread 0x00007fc953615800 DEOPT UNPACKING pc=0x0000000111949f73 sp=0x000000012f3d9c80 mode 0
Event: 17.448 Thread 0x00007fc954096000 DEOPT PACKING pc=0x0000000111a96640 sp=0x000000012e6b2e80
Event: 17.448 Thread 0x00007fc954096000 DEOPT UNPACKING pc=0x0000000111949f73 sp=0x000000012e6b2c80 mode 0
Event: 17.472 Executing VM operation: ParallelGCFailedAllocation


Dynamic libraries:
0x00000000046ea000 	/System/Library/Frameworks/Cocoa.framework/Versions/A/Cocoa
0x00000000046ea000 	/System/Library/Frameworks/Security.framework/Versions/A/Security
0x00000000046ea000 	/System/Library/Frameworks/ApplicationServices.framework/Versions/A/ApplicationServices
0x00000000046ea000 	/usr/lib/libz.1.dylib
0x00000000046ea000 	/usr/lib/libSystem.B.dylib
0x00000000046ea000 	/usr/lib/libobjc.A.dylib
0x00000000046ea000 	/System/Library/Frameworks/CoreFoundation.framework/Versions/A/CoreFoundation
0x00000000046ea000 	/System/Library/Frameworks/Foundation.framework/Versions/C/Foundation
0x00000000046ea000 	/System/Library/Frameworks/AppKit.framework/Versions/C/AppKit
0x00000000046ea000 	/System/Library/Frameworks/CoreData.framework/Versions/A/CoreData
0x00000000046ea000 	/System/Library/PrivateFrameworks/RemoteViewServices.framework/Versions/A/RemoteViewServices
0x00000000046ea000 	/System/Library/PrivateFrameworks/UIFoundation.framework/Versions/A/UIFoundation
0x00000000046ea000 	/System/Library/Frameworks/IOSurface.framework/Versions/A/IOSurface
0x00000000046ea000 	/System/Library/Frameworks/AudioToolbox.framework/Versions/A/AudioToolbox
0x00000000046ea000 	/System/Library/Frameworks/AudioUnit.framework/Versions/A/AudioUnit
0x00000000046ea000 	/System/Library/PrivateFrameworks/DataDetectorsCore.framework/Versions/A/DataDetectorsCore
0x00000000046ea000 	/System/Library/PrivateFrameworks/DesktopServicesPriv.framework/Versions/A/DesktopServicesPriv
0x00000000046ea000 	/System/Library/Frameworks/Carbon.framework/Versions/A/Frameworks/HIToolbox.framework/Versions/A/HIToolbox
0x00000000046ea000 	/System/Library/Frameworks/QuartzCore.framework/Versions/A/QuartzCore
0x00000000046ea000 	/System/Library/Frameworks/Carbon.framework/Versions/A/Frameworks/SpeechRecognition.framework/Versions/A/SpeechRecognition
0x00000000046ea000 	/usr/lib/libauto.dylib
0x00000000046ea000 	/usr/lib/libicucore.A.dylib
0x00000000046ea000 	/usr/lib/libxml2.2.dylib
0x00000000046ea000 	/System/Library/PrivateFrameworks/CoreUI.framework/Versions/A/CoreUI
0x00000000046ea000 	/System/Library/Frameworks/CoreAudio.framework/Versions/A/CoreAudio
0x00000000046ea000 	/System/Library/Frameworks/DiskArbitration.framework/Versions/A/DiskArbitration
0x00000000046ea000 	/usr/lib/liblangid.dylib
0x00000000046ea000 	/System/Library/PrivateFrameworks/MultitouchSupport.framework/Versions/A/MultitouchSupport
0x00000000046ea000 	/System/Library/Frameworks/IOKit.framework/Versions/A/IOKit
0x00000000046ea000 	/usr/lib/libDiagnosticMessagesClient.dylib
0x00000000046ea000 	/System/Library/Frameworks/CoreServices.framework/Versions/A/CoreServices
0x00000000046ea000 	/System/Library/PrivateFrameworks/PerformanceAnalysis.framework/Versions/A/PerformanceAnalysis
0x00000000046ea000 	/System/Library/PrivateFrameworks/GenerationalStorage.framework/Versions/A/GenerationalStorage
0x00000000046ea000 	/System/Library/Frameworks/OpenGL.framework/Versions/A/OpenGL
0x00000000046ea000 	/System/Library/PrivateFrameworks/Sharing.framework/Versions/A/Sharing
0x00000000046ea000 	/System/Library/Frameworks/CoreGraphics.framework/Versions/A/CoreGraphics
0x00000000046ea000 	/System/Library/Frameworks/CoreText.framework/Versions/A/CoreText
0x00000000046ea000 	/System/Library/Frameworks/ImageIO.framework/Versions/A/ImageIO
0x00000000046ea000 	/usr/lib/libextension.dylib
0x00000000046ea000 	/System/Library/PrivateFrameworks/Backup.framework/Versions/A/Backup
0x00000000046ea000 	/usr/lib/libarchive.2.dylib
0x00000000046ea000 	/System/Library/Frameworks/CFNetwork.framework/Versions/A/CFNetwork
0x00000000046ea000 	/System/Library/Frameworks/SystemConfiguration.framework/Versions/A/SystemConfiguration
0x00000000046ea000 	/usr/lib/libCRFSuite.dylib
0x00000000046ea000 	/usr/lib/libc++.1.dylib
0x00000000046ea000 	/usr/lib/libc++abi.dylib
0x00000000046ea000 	/usr/lib/system/libcache.dylib
0x00000000046ea000 	/usr/lib/system/libcommonCrypto.dylib
0x00000000046ea000 	/usr/lib/system/libcompiler_rt.dylib
0x00000000046ea000 	/usr/lib/system/libcopyfile.dylib
0x00000000046ea000 	/usr/lib/system/libcorecrypto.dylib
0x00000000046ea000 	/usr/lib/system/libdispatch.dylib
0x00000000046ea000 	/usr/lib/system/libdyld.dylib
0x00000000046ea000 	/usr/lib/system/libkeymgr.dylib
0x00000000046ea000 	/usr/lib/system/liblaunch.dylib
0x00000000046ea000 	/usr/lib/system/libmacho.dylib
0x00000000046ea000 	/usr/lib/system/libquarantine.dylib
0x00000000046ea000 	/usr/lib/system/libremovefile.dylib
0x00000000046ea000 	/usr/lib/system/libsystem_asl.dylib
0x00000000046ea000 	/usr/lib/system/libsystem_blocks.dylib
0x00000000046ea000 	/usr/lib/system/libsystem_c.dylib
0x00000000046ea000 	/usr/lib/system/libsystem_configuration.dylib
0x00000000046ea000 	/usr/lib/system/libsystem_coreservices.dylib
0x00000000046ea000 	/usr/lib/system/libsystem_coretls.dylib
0x00000000046ea000 	/usr/lib/system/libsystem_dnssd.dylib
0x00000000046ea000 	/usr/lib/system/libsystem_info.dylib
0x00000000046ea000 	/usr/lib/system/libsystem_kernel.dylib
0x00000000046ea000 	/usr/lib/system/libsystem_m.dylib
0x00000000046ea000 	/usr/lib/system/libsystem_malloc.dylib
0x00000000046ea000 	/usr/lib/system/libsystem_network.dylib
0x00000000046ea000 	/usr/lib/system/libsystem_networkextension.dylib
0x00000000046ea000 	/usr/lib/system/libsystem_notify.dylib
0x00000000046ea000 	/usr/lib/system/libsystem_platform.dylib
0x00000000046ea000 	/usr/lib/system/libsystem_pthread.dylib
0x00000000046ea000 	/usr/lib/system/libsystem_sandbox.dylib
0x00000000046ea000 	/usr/lib/system/libsystem_secinit.dylib
0x00000000046ea000 	/usr/lib/system/libsystem_stats.dylib
0x00000000046ea000 	/usr/lib/system/libsystem_trace.dylib
0x00000000046ea000 	/usr/lib/system/libunc.dylib
0x00000000046ea000 	/usr/lib/system/libunwind.dylib
0x00000000046ea000 	/usr/lib/system/libxpc.dylib
0x00000000046ea000 	/usr/lib/libbz2.1.0.dylib
0x00000000046ea000 	/usr/lib/liblzma.5.dylib
0x00000000046ea000 	/usr/lib/libbsm.0.dylib
0x00000000046ea000 	/usr/lib/libsqlite3.dylib
0x00000000046ea000 	/usr/lib/system/libkxld.dylib
0x00000000046ea000 	/usr/lib/libxar.1.dylib
0x00000000046ea000 	/usr/lib/libpam.2.dylib
0x00000000046ea000 	/usr/lib/libOpenScriptingUtil.dylib
0x00000000046ea000 	/System/Library/Frameworks/CoreServices.framework/Versions/A/Frameworks/FSEvents.framework/Versions/A/FSEvents
0x00000000046ea000 	/System/Library/Frameworks/CoreServices.framework/Versions/A/Frameworks/CarbonCore.framework/Versions/A/CarbonCore
0x00000000046ea000 	/System/Library/Frameworks/CoreServices.framework/Versions/A/Frameworks/Metadata.framework/Versions/A/Metadata
0x00000000046ea000 	/System/Library/Frameworks/CoreServices.framework/Versions/A/Frameworks/OSServices.framework/Versions/A/OSServices
0x00000000046ea000 	/System/Library/Frameworks/CoreServices.framework/Versions/A/Frameworks/SearchKit.framework/Versions/A/SearchKit
0x00000000046ea000 	/System/Library/Frameworks/CoreServices.framework/Versions/A/Frameworks/AE.framework/Versions/A/AE
0x00000000046ea000 	/System/Library/Frameworks/CoreServices.framework/Versions/A/Frameworks/LaunchServices.framework/Versions/A/LaunchServices
0x00000000046ea000 	/System/Library/Frameworks/CoreServices.framework/Versions/A/Frameworks/DictionaryServices.framework/Versions/A/DictionaryServices
0x00000000046ea000 	/System/Library/Frameworks/NetFS.framework/Versions/A/NetFS
0x00000000046ea000 	/System/Library/PrivateFrameworks/NetAuth.framework/Versions/A/NetAuth
0x00000000046ea000 	/System/Library/PrivateFrameworks/login.framework/Versions/A/Frameworks/loginsupport.framework/Versions/A/loginsupport
0x00000000046ea000 	/System/Library/PrivateFrameworks/TCC.framework/Versions/A/TCC
0x00000000046ea000 	/usr/lib/libmecabra.dylib
0x00000000046ea000 	/System/Library/Frameworks/ApplicationServices.framework/Versions/A/Frameworks/ATS.framework/Versions/A/ATS
0x00000000046ea000 	/System/Library/Frameworks/ApplicationServices.framework/Versions/A/Frameworks/ColorSync.framework/Versions/A/ColorSync
0x00000000046ea000 	/System/Library/Frameworks/ApplicationServices.framework/Versions/A/Frameworks/HIServices.framework/Versions/A/HIServices
0x00000000046ea000 	/System/Library/Frameworks/ApplicationServices.framework/Versions/A/Frameworks/LangAnalysis.framework/Versions/A/LangAnalysis
0x00000000046ea000 	/System/Library/Frameworks/ApplicationServices.framework/Versions/A/Frameworks/PrintCore.framework/Versions/A/PrintCore
0x00000000046ea000 	/System/Library/Frameworks/ApplicationServices.framework/Versions/A/Frameworks/QD.framework/Versions/A/QD
0x00000000046ea000 	/System/Library/Frameworks/ApplicationServices.framework/Versions/A/Frameworks/SpeechSynthesis.framework/Versions/A/SpeechSynthesis
0x00000000046ea000 	/System/Library/Frameworks/Accelerate.framework/Versions/A/Accelerate
0x00000000046ea000 	/System/Library/Frameworks/Accelerate.framework/Versions/A/Frameworks/vImage.framework/Versions/A/vImage
0x00000000046ea000 	/System/Library/Frameworks/Accelerate.framework/Versions/A/Frameworks/vecLib.framework/Versions/A/vecLib
0x00000000046ea000 	/System/Library/Frameworks/Accelerate.framework/Versions/A/Frameworks/vecLib.framework/Versions/A/libvDSP.dylib
0x00000000046ea000 	/System/Library/Frameworks/Accelerate.framework/Versions/A/Frameworks/vecLib.framework/Versions/A/libvMisc.dylib
0x00000000046ea000 	/System/Library/Frameworks/Accelerate.framework/Versions/A/Frameworks/vecLib.framework/Versions/A/libLAPACK.dylib
0x00000000046ea000 	/System/Library/Frameworks/Accelerate.framework/Versions/A/Frameworks/vecLib.framework/Versions/A/libBLAS.dylib
0x00000000046ea000 	/System/Library/Frameworks/Accelerate.framework/Versions/A/Frameworks/vecLib.framework/Versions/A/libLinearAlgebra.dylib
0x00000000046ea000 	/System/Library/Frameworks/ApplicationServices.framework/Versions/A/Frameworks/ATS.framework/Versions/A/Resources/libFontParser.dylib
0x00000000046ea000 	/System/Library/Frameworks/ApplicationServices.framework/Versions/A/Frameworks/ATS.framework/Versions/A/Resources/libFontRegistry.dylib
0x00000000046ea000 	/System/Library/PrivateFrameworks/AppleVPA.framework/Versions/A/AppleVPA
0x00000000046ea000 	/System/Library/PrivateFrameworks/AppleJPEG.framework/Versions/A/AppleJPEG
0x00000000046ea000 	/System/Library/Frameworks/ImageIO.framework/Versions/A/Resources/libJPEG.dylib
0x00000000046ea000 	/System/Library/Frameworks/ImageIO.framework/Versions/A/Resources/libTIFF.dylib
0x00000000046ea000 	/System/Library/Frameworks/ImageIO.framework/Versions/A/Resources/libPng.dylib
0x00000000046ea000 	/System/Library/Frameworks/ImageIO.framework/Versions/A/Resources/libGIF.dylib
0x00000000046ea000 	/System/Library/Frameworks/ImageIO.framework/Versions/A/Resources/libJP2.dylib
0x00000000046ea000 	/System/Library/Frameworks/ImageIO.framework/Versions/A/Resources/libRadiance.dylib
0x00000000046ea000 	/System/Library/Frameworks/CoreVideo.framework/Versions/A/CoreVideo
0x00000000046ea000 	/System/Library/Frameworks/OpenGL.framework/Versions/A/Libraries/libGLU.dylib
0x00000000046ea000 	/System/Library/Frameworks/OpenGL.framework/Versions/A/Libraries/libGFXShared.dylib
0x00000000046ea000 	/System/Library/Frameworks/OpenGL.framework/Versions/A/Libraries/libGL.dylib
0x00000000046ea000 	/System/Library/Frameworks/OpenGL.framework/Versions/A/Libraries/libGLImage.dylib
0x00000000046ea000 	/System/Library/Frameworks/OpenGL.framework/Versions/A/Libraries/libCVMSPluginSupport.dylib
0x00000000046ea000 	/System/Library/Frameworks/OpenGL.framework/Versions/A/Libraries/libCoreVMClient.dylib
0x00000000046ea000 	/usr/lib/libcups.2.dylib
0x00000000046ea000 	/System/Library/Frameworks/Kerberos.framework/Versions/A/Kerberos
0x00000000046ea000 	/System/Library/Frameworks/GSS.framework/Versions/A/GSS
0x00000000046ea000 	/usr/lib/libresolv.9.dylib
0x00000000046ea000 	/usr/lib/libiconv.2.dylib
0x00000000046ea000 	/System/Library/PrivateFrameworks/Heimdal.framework/Versions/A/Heimdal
0x00000000046ea000 	/usr/lib/libheimdal-asn1.dylib
0x00000000046ea000 	/System/Library/Frameworks/OpenDirectory.framework/Versions/A/OpenDirectory
0x00000000046ea000 	/System/Library/PrivateFrameworks/CommonAuth.framework/Versions/A/CommonAuth
0x00000000046ea000 	/System/Library/Frameworks/OpenDirectory.framework/Versions/A/Frameworks/CFOpenDirectory.framework/Versions/A/CFOpenDirectory
0x00000000046ea000 	/System/Library/Frameworks/SecurityFoundation.framework/Versions/A/SecurityFoundation
0x00000000046ea000 	/System/Library/PrivateFrameworks/LanguageModeling.framework/Versions/A/LanguageModeling
0x00000000046ea000 	/usr/lib/libcmph.dylib
0x00000000046ea000 	/System/Library/Frameworks/ServiceManagement.framework/Versions/A/ServiceManagement
0x00000000046ea000 	/usr/lib/libxslt.1.dylib
0x00000000046ea000 	/System/Library/Frameworks/Carbon.framework/Versions/A/Frameworks/Ink.framework/Versions/A/Ink
0x00000000046ea000 	/System/Library/Frameworks/QuartzCore.framework/Versions/A/Frameworks/CoreImage.framework/Versions/A/CoreImage
0x00000000046ea000 	/System/Library/PrivateFrameworks/CrashReporterSupport.framework/Versions/A/CrashReporterSupport
0x00000000046ea000 	/System/Library/Frameworks/OpenCL.framework/Versions/A/OpenCL
0x00000000046ea000 	/System/Library/PrivateFrameworks/FaceCore.framework/Versions/A/FaceCore
0x00000000046ea000 	/System/Library/PrivateFrameworks/Ubiquity.framework/Versions/A/Ubiquity
0x00000000046ea000 	/System/Library/PrivateFrameworks/IconServices.framework/Versions/A/IconServices
0x00000000046ea000 	/System/Library/PrivateFrameworks/ChunkingLibrary.framework/Versions/A/ChunkingLibrary
0x00000000046ea000 	/System/Library/PrivateFrameworks/Apple80211.framework/Versions/A/Apple80211
0x00000000046ea000 	/System/Library/Frameworks/CoreWLAN.framework/Versions/A/CoreWLAN
0x00000000046ea000 	/System/Library/Frameworks/IOBluetooth.framework/Versions/A/IOBluetooth
0x00000000046ea000 	/System/Library/PrivateFrameworks/CoreWiFi.framework/Versions/A/CoreWiFi
0x00000000046ea000 	/System/Library/Frameworks/CoreBluetooth.framework/Versions/A/CoreBluetooth
0x00000000046ea000 	/System/Library/PrivateFrameworks/DebugSymbols.framework/Versions/A/DebugSymbols
0x00000000046ea000 	/System/Library/PrivateFrameworks/CoreSymbolication.framework/Versions/A/CoreSymbolication
0x00000000046ea000 	/System/Library/PrivateFrameworks/Symbolication.framework/Versions/A/Symbolication
0x00000000046ea000 	/System/Library/PrivateFrameworks/SpeechRecognitionCore.framework/Versions/A/SpeechRecognitionCore
0x000000010ffca000 	/Library/Java/JavaVirtualMachines/jdk1.8.0_65.jdk/Contents/Home/jre/lib/server/libjvm.dylib
0x00000000046ea000 	/usr/lib/libstdc++.6.dylib
0x0000000110f6a000 	/Library/Java/JavaVirtualMachines/jdk1.8.0_65.jdk/Contents/Home/jre/lib/libverify.dylib
0x0000000110f78000 	/Library/Java/JavaVirtualMachines/jdk1.8.0_65.jdk/Contents/Home/jre/lib/libjava.dylib
0x0000000110fb7000 	/Library/Java/JavaVirtualMachines/jdk1.8.0_65.jdk/Contents/Home/jre/lib/libzip.dylib
0x0000000110fe9000 	/System/Library/Frameworks/JavaVM.framework/Frameworks/JavaRuntimeSupport.framework/JavaRuntimeSupport
0x0000000127952000 	/System/Library/Frameworks/JavaVM.framework/Versions/A/Frameworks/JavaNativeFoundation.framework/Versions/A/JavaNativeFoundation
0x0000000127966000 	/System/Library/Frameworks/JavaVM.framework/Versions/A/JavaVM
0x00000000046ea000 	/System/Library/Frameworks/Carbon.framework/Versions/A/Carbon
0x0000000127972000 	/System/Library/PrivateFrameworks/JavaLaunching.framework/Versions/A/JavaLaunching
0x00000000046ea000 	/System/Library/Frameworks/Carbon.framework/Versions/A/Frameworks/CommonPanels.framework/Versions/A/CommonPanels
0x00000000046ea000 	/System/Library/Frameworks/Carbon.framework/Versions/A/Frameworks/Help.framework/Versions/A/Help
0x00000000046ea000 	/System/Library/Frameworks/Carbon.framework/Versions/A/Frameworks/ImageCapture.framework/Versions/A/ImageCapture
0x00000000046ea000 	/System/Library/Frameworks/Carbon.framework/Versions/A/Frameworks/OpenScripting.framework/Versions/A/OpenScripting
0x00000000046ea000 	/System/Library/Frameworks/Carbon.framework/Versions/A/Frameworks/Print.framework/Versions/A/Print
0x00000000046ea000 	/System/Library/Frameworks/Carbon.framework/Versions/A/Frameworks/SecurityHI.framework/Versions/A/SecurityHI
0x00000001299f2000 	/Library/Java/JavaVirtualMachines/jdk1.8.0_65.jdk/Contents/Home/jre/lib/libnet.dylib
0x0000000129a51000 	/Library/Java/JavaVirtualMachines/jdk1.8.0_65.jdk/Contents/Home/jre/lib/libnio.dylib
0x0000000129a61000 	/Users/luthfi/.gradle/native/19/osx-amd64/libnative-platform.dylib
0x0000000129d86000 	/Library/Java/JavaVirtualMachines/jdk1.8.0_65.jdk/Contents/Home/jre/lib/libmanagement.dylib

VM Arguments:
jvm_args: -XX:MaxPermSize=512m -XX:+HeapDumpOnOutOfMemoryError -Xmx2048m -Dfile.encoding=UTF-8 -Duser.country=US -Duser.language=en -Duser.variant 
java_command: org.gradle.launcher.daemon.bootstrap.GradleDaemon 2.10
java_class_path (initial): /Applications/Android Studio.app/Contents/gradle/gradle-2.10/lib/gradle-launcher-2.10.jar
Launcher Type: SUN_STANDARD

Environment Variables:
PATH=/usr/bin:/bin:/usr/sbin:/sbin
SHELL=/bin/bash

Signal Handlers:
SIGSEGV: [libjvm.dylib+0x5a6d31], sa_mask[0]=11111111011111110111111111111111, sa_flags=SA_ONSTACK|SA_RESTART|SA_SIGINFO
SIGBUS: [libjvm.dylib+0x5a6d31], sa_mask[0]=11111111011111110111111111111111, sa_flags=SA_RESTART|SA_SIGINFO
SIGFPE: [libjvm.dylib+0x480a40], sa_mask[0]=11111111011111110111111111111111, sa_flags=SA_RESTART|SA_SIGINFO
SIGPIPE: [libjvm.dylib+0x480a40], sa_mask[0]=11111111011111110111111111111111, sa_flags=SA_RESTART|SA_SIGINFO
SIGXFSZ: [libjvm.dylib+0x480a40], sa_mask[0]=11111111011111110111111111111111, sa_flags=SA_RESTART|SA_SIGINFO
SIGILL: [libjvm.dylib+0x480a40], sa_mask[0]=11111111011111110111111111111111, sa_flags=SA_RESTART|SA_SIGINFO
SIGUSR1: SIG_DFL, sa_mask[0]=00000000000000000000000000000000, sa_flags=none
SIGUSR2: [libjvm.dylib+0x48055e], sa_mask[0]=00100000000000000000000000000000, sa_flags=SA_RESTART|SA_SIGINFO
SIGHUP: [libjvm.dylib+0x47eb35], sa_mask[0]=11111111011111110111111111111111, sa_flags=SA_RESTART|SA_SIGINFO
SIGINT: [libjvm.dylib+0x47eb35], sa_mask[0]=11111111011111110111111111111111, sa_flags=SA_RESTART|SA_SIGINFO
SIGTERM: [libjvm.dylib+0x47eb35], sa_mask[0]=11111111011111110111111111111111, sa_flags=SA_RESTART|SA_SIGINFO
SIGQUIT: [libjvm.dylib+0x47eb35], sa_mask[0]=11111111011111110111111111111111, sa_flags=SA_RESTART|SA_SIGINFO


---------------  S Y S T E M  ---------------

OS:Bsduname:Darwin 14.5.0 Darwin Kernel Version 14.5.0: Thu Jun 16 19:58:21 PDT 2016; root:xnu-2782.50.4~1/RELEASE_X86_64 x86_64
rlimit: STACK 8192k, CORE 0k, NPROC 709, NOFILE 10240, AS infinity
load average:6.63 4.79 3.09

CPU:total 4 (4 cores per cpu, 1 threads per core) family 6 model 23 stepping 10, cmov, cx8, fxsr, mmx, sse, sse2, sse3, ssse3, tsc

Memory: 4k page, physical 8388608k(99240k free)

/proc/meminfo:


vm_info: Java HotSpot(TM) 64-Bit Server VM (25.65-b01) for bsd-amd64 JRE (1.8.0_65-b17), built on Oct  6 2015 15:36:46 by "java_re" with gcc 4.2.1 (Based on Apple Inc. build 5658) (LLVM build 2336.11.00)

time: Sun Aug 14 18:57:24 2016
elapsed time: 17 seconds (0d 0h 0m 17s)

