#
# A fatal error has been detected by the Java Runtime Environment:
#
#  SIGSEGV (0xb) at pc=0x000000010cfe1264, pid=5755, tid=3331
#
# JRE version:  (8.0_65-b17) (build )
# Java VM: Java HotSpot(TM) 64-Bit Server VM (25.65-b01 mixed mode bsd-amd64 compressed oops)
# Problematic frame:
# V  [libjvm.dylib+0x2e4264]
[error occurred during error reporting (printing problematic frame), id 0xb]

# Failed to write core dump. Core dumps have been disabled. To enable core dumping, try "ulimit -c unlimited" before starting Java again
#
# If you would like to submit a bug report, please visit:
#   http://bugreport.java.com/bugreport/crash.jsp
#

---------------  T H R E A D  ---------------

Current thread (0x00007fce2c802800):  JavaThread "main" [_thread_in_vm, id=3331, stack(0x000000010dc87000,0x000000010dd87000)]

siginfo: si_signo: 11 (SIGSEGV), si_code: 0 (unknown), si_addr: 0x0000000000000000

Registers:
RAX=0x000000010d5d1330, RBX=0x00000000ffffffff, RCX=0x0000000120337480, RDX=0x00007fce2be0bbd0
RSP=0x000000010dd85820, RBP=0x000000010dd85920, RSI=0x000000010dd858f0, RDI=0x00007fce2bd03740
R8 =0x000000010e610940, R9 =0x000000010dd85d08, R10=0x000000010d5dcfc0, R11=0x00000007aab16918
R12=0x0000000000000000, R13=0x0000000120337478, R14=0x00000000ffffffff, R15=0x0000ffce2be09bc0
RIP=0x000000010cfe1264, EFLAGS=0x0000000000010246, ERR=0x0000000000000000
  TRAPNO=0x000000000000000d

Top of Stack: (sp=0x000000010dd85820)
0x000000010dd85820:   000000010e607710 0000000000000001
0x000000010dd85830:   01000007aab15808 000000000000000f
0x000000010dd85840:   0000000120337480 00007fce2c802800
0x000000010dd85850:   0000000120457b1c 000000010dd858b0
0x000000010dd85860:   0000000120457ce8 0000000000000000
0x000000010dd85870:   0000000120457b28 000000010dd85988
0x000000010dd85880:   000000010e610d2d 000000010e605310
0x000000010dd85890:   0000000100000000 000000010dd859c8
0x000000010dd858a0:   000000010dd85988 00007fce2c802800
0x000000010dd858b0:   00007fce2c802800 000000010dd858b8
0x000000010dd858c0:   000000012045ac5b 000000010dd85948
0x000000010dd858d0:   000000012045ae00 0000000000000000
0x000000010dd858e0:   000000012045acf0 0000000000000000
0x000000010dd858f0:   0000000120337480 0000000000000000
0x000000010dd85900:   0000000000000000 0000000120337478
0x000000010dd85910:   00007fce2c802800 00007fce2c802800
0x000000010dd85920:   000000010dd85970 000000010cfe1582
0x000000010dd85930:   000000000000000f 0000000000000000
0x000000010dd85940:   00000007aab168a0 00000007aab15cb0
0x000000010dd85950:   000000010dd85950 00000001204573b4
0x000000010dd85960:   0000000120337480 000000010dd859d8
0x000000010dd85970:   000000010dd859c8 000000010e610d6f
0x000000010dd85980:   000000010e610d2d 000000010dd85988
0x000000010dd85990:   0000000120337478 000000010dd859d8
0x000000010dd859a0:   00000001203e14b0 0000000000000000
0x000000010dd859b0:   0000000120337480 0000000000000000
0x000000010dd859c0:   000000010dd859d8 000000010dd85a20
0x000000010dd859d0:   000000010e60798d 00000007aab16928
0x000000010dd859e0:   000000010dd859e0 000000012033a651
0x000000010dd859f0:   000000010dd85a50 00000001203e5008
0x000000010dd85a00:   0000000000000000 000000012033a688
0x000000010dd85a10:   000000010dd859d8 000000010dd85a30 

Instructions: (pc=0x000000010cfe1264)
0x000000010cfe1244:   ff ff ff e8 d8 44 f6 ff 4c 89 f7 48 89 c6 e8 99
0x000000010cfe1254:   1e 16 00 41 89 c6 48 8d 05 cf 00 5f 00 4c 8b 38
0x000000010cfe1264:   49 8b 07 48 8b 40 10 48 89 85 18 ff ff ff 48 8b
0x000000010cfe1274:   85 20 ff ff ff 48 89 45 98 48 85 c0 74 4e 48 83 

Register to memory mapping:

RAX=0x000000010d5d1330: _ZN17CompilationPolicy7_policyE+0 in /Library/Java/JavaVirtualMachines/jdk1.8.0_65.jdk/Contents/Home/jre/lib/server/libjvm.dylib at 0x000000010ccfd000
RBX=0x00000000ffffffff is an unknown value
RCX={method} {0x0000000120337480} '<init>' '()V' in 'java/lang/Object'
RDX=0x00007fce2be0bbd0 is an unknown value
RSP=0x000000010dd85820 is pointing into the stack for thread: 0x00007fce2c802800
RBP=0x000000010dd85920 is pointing into the stack for thread: 0x00007fce2c802800
RSI=0x000000010dd858f0 is pointing into the stack for thread: 0x00007fce2c802800
RDI=0x00007fce2bd03740 is an unknown value
R8 =0x000000010e610940 is at code_begin+0 in an Interpreter codelet
method entry point (kind = zerolocals)  [0x000000010e610940, 0x000000010e610dc0]  1152 bytes
R9 =0x000000010dd85d08 is pointing into the stack for thread: 0x00007fce2c802800
R10=0x000000010d5dcfc0: _ZN19TemplateInterpreter20_invoke_return_entryE+0 in /Library/Java/JavaVirtualMachines/jdk1.8.0_65.jdk/Contents/Home/jre/lib/server/libjvm.dylib at 0x000000010ccfd000
R11=0x00000007aab16918 is an oop

[error occurred during error reporting (printing register info), id 0xb]

Stack: [0x000000010dc87000,0x000000010dd87000],  sp=0x000000010dd85820,  free space=1018k
Native frames: (J=compiled Java code, j=interpreted, Vv=VM code, C=native code)
V  [libjvm.dylib+0x2e4264]
[error occurred during error reporting (printing native stack), id 0xb]

Java frames: (J=compiled Java code, j=interpreted, Vv=VM code)
j  java.lang.Object.<init>()V+0
j  java.lang.String.<init>([BIILjava/lang/String;)V+1
j  java.lang.String.<init>([BLjava/lang/String;)V+6
v  ~StubRoutines::call_stub
j  java.lang.System.initProperties(Ljava/util/Properties;)Ljava/util/Properties;+0
j  java.lang.System.initializeSystemClass()V+13
v  ~StubRoutines::call_stub

---------------  P R O C E S S  ---------------

Java Threads: ( => current thread )
  0x00007fce2d053000 JavaThread "Finalizer" daemon [_thread_blocked, id=11011, stack(0x000000012200c000,0x000000012210c000)]
  0x00007fce2d800000 JavaThread "Reference Handler" daemon [_thread_blocked, id=10499, stack(0x0000000121f09000,0x0000000122009000)]
=>0x00007fce2c802800 JavaThread "main" [_thread_in_vm, id=3331, stack(0x000000010dc87000,0x000000010dd87000)]

Other Threads:
  0x00007fce2c010000 VMThread [stack: 0x0000000121e06000,0x0000000121f06000] [id=9987]

VM state:not at safepoint (normal execution)

VM Mutex/Monitor currently owned by a thread: None

Heap:
 PSYoungGen      total 38400K, used 1331K [0x00000007aab00000, 0x00000007ad580000, 0x00000007c0000000)
  eden space 33280K, 4% used [0x00000007aab00000,0x00000007aac4cd80,0x00000007acb80000)
  from space 5120K, 0% used [0x00000007ad080000,0x00000007ad080000,0x00000007ad580000)
  to   space 5120K, 0% used [0x00000007acb80000,0x00000007acb80000,0x00000007ad080000)
 ParOldGen       total 87552K, used 0K [0x0000000780000000, 0x0000000785580000, 0x00000007aab00000)
  object space 87552K, 0% used [0x0000000780000000,0x0000000780000000,0x0000000785580000)
 Metaspace       used 1332K, capacity 4480K, committed 4480K, reserved 1056768K
  class space    used 141K, capacity 384K, committed 384K, reserved 1048576K

Card table byte_map: [0x000000011d9c0000,0x000000011dbc1000] byte_map_base: 0x0000000119dc0000

Marking Bits: (ParMarkBitMap*) 0x000000010d5dbe20
 Begin Bits: [0x000000011e123000, 0x000000011f123000)
 End Bits:   [0x000000011f123000, 0x0000000120123000)

Polling page: 0x000000010ddcc000

CodeCache: size=245760Kb used=407Kb max_used=407Kb free=245352Kb
 bounds [0x000000010e600000, 0x000000010e870000, 0x000000011d600000]
 total_blobs=113 nmethods=0 adapters=90
 compilation: enabled

Compilation events (0 events):
No events

GC Heap History (0 events):
No events

Deoptimization events (0 events):
No events

Internal exceptions (2 events):
Event: 0.079 Thread 0x00007fce2c802800 Exception <a 'java/lang/NoSuchMethodError': Method sun.misc.Unsafe.defineClass(Ljava/lang/String;[BII)Ljava/lang/Class; name or signature does not match> (0x00000007aab12880) thrown at [/Users/java_re/workspace/8-2-build-macosx-x86_64/jdk8u65/4987/hotspot
Event: 0.079 Thread 0x00007fce2c802800 Exception <a 'java/lang/NoSuchMethodError': Method sun.misc.Unsafe.prefetchRead(Ljava/lang/Object;J)V name or signature does not match> (0x00000007aab12b68) thrown at [/Users/java_re/workspace/8-2-build-macosx-x86_64/jdk8u65/4987/hotspot/src/share/vm/prim

Events (10 events):
Event: 0.084 loading class java/lang/StringCoding$StringDecoder
Event: 0.084 loading class java/lang/StringCoding$StringDecoder done
Event: 0.084 loading class sun/nio/cs/UTF_8$Decoder
Event: 0.084 loading class sun/nio/cs/ArrayDecoder
Event: 0.084 loading class sun/nio/cs/ArrayDecoder done
Event: 0.084 loading class java/nio/charset/CharsetDecoder
Event: 0.084 loading class java/nio/charset/CharsetDecoder done
Event: 0.084 loading class sun/nio/cs/UTF_8$Decoder done
Event: 0.084 loading class java/nio/charset/CodingErrorAction
Event: 0.084 loading class java/nio/charset/CodingErrorAction done


Dynamic libraries:
0x00000000046ea000 	/System/Library/Frameworks/Cocoa.framework/Versions/A/Cocoa
0x00000000046ea000 	/System/Library/Frameworks/Security.framework/Versions/A/Security
0x00000000046ea000 	/System/Library/Frameworks/ApplicationServices.framework/Versions/A/ApplicationServices
0x00000000046ea000 	/usr/lib/libz.1.dylib
0x00000000046ea000 	/usr/lib/libSystem.B.dylib
0x00000000046ea000 	/usr/lib/libobjc.A.dylib
0x00000000046ea000 	/System/Library/Frameworks/CoreFoundation.framework/Versions/A/CoreFoundation
0x00000000046ea000 	/System/Library/Frameworks/Foundation.framework/Versions/C/Foundation
0x00000000046ea000 	/System/Library/Frameworks/AppKit.framework/Versions/C/AppKit
0x00000000046ea000 	/System/Library/Frameworks/CoreData.framework/Versions/A/CoreData
0x00000000046ea000 	/System/Library/PrivateFrameworks/RemoteViewServices.framework/Versions/A/RemoteViewServices
0x00000000046ea000 	/System/Library/PrivateFrameworks/UIFoundation.framework/Versions/A/UIFoundation
0x00000000046ea000 	/System/Library/Frameworks/IOSurface.framework/Versions/A/IOSurface
0x00000000046ea000 	/System/Library/Frameworks/AudioToolbox.framework/Versions/A/AudioToolbox
0x00000000046ea000 	/System/Library/Frameworks/AudioUnit.framework/Versions/A/AudioUnit
0x00000000046ea000 	/System/Library/PrivateFrameworks/DataDetectorsCore.framework/Versions/A/DataDetectorsCore
0x00000000046ea000 	/System/Library/PrivateFrameworks/DesktopServicesPriv.framework/Versions/A/DesktopServicesPriv
0x00000000046ea000 	/System/Library/Frameworks/Carbon.framework/Versions/A/Frameworks/HIToolbox.framework/Versions/A/HIToolbox
0x00000000046ea000 	/System/Library/Frameworks/QuartzCore.framework/Versions/A/QuartzCore
0x00000000046ea000 	/System/Library/Frameworks/Carbon.framework/Versions/A/Frameworks/SpeechRecognition.framework/Versions/A/SpeechRecognition
0x00000000046ea000 	/usr/lib/libauto.dylib
0x00000000046ea000 	/usr/lib/libicucore.A.dylib
0x00000000046ea000 	/usr/lib/libxml2.2.dylib
0x00000000046ea000 	/System/Library/PrivateFrameworks/CoreUI.framework/Versions/A/CoreUI
0x00000000046ea000 	/System/Library/Frameworks/CoreAudio.framework/Versions/A/CoreAudio
0x00000000046ea000 	/System/Library/Frameworks/DiskArbitration.framework/Versions/A/DiskArbitration
0x00000000046ea000 	/usr/lib/liblangid.dylib
0x00000000046ea000 	/System/Library/PrivateFrameworks/MultitouchSupport.framework/Versions/A/MultitouchSupport
0x00000000046ea000 	/System/Library/Frameworks/IOKit.framework/Versions/A/IOKit
0x00000000046ea000 	/usr/lib/libDiagnosticMessagesClient.dylib
0x00000000046ea000 	/System/Library/Frameworks/CoreServices.framework/Versions/A/CoreServices
0x00000000046ea000 	/System/Library/PrivateFrameworks/PerformanceAnalysis.framework/Versions/A/PerformanceAnalysis
0x00000000046ea000 	/System/Library/PrivateFrameworks/GenerationalStorage.framework/Versions/A/GenerationalStorage
0x00000000046ea000 	/System/Library/Frameworks/OpenGL.framework/Versions/A/OpenGL
0x00000000046ea000 	/System/Library/PrivateFrameworks/Sharing.framework/Versions/A/Sharing
0x00000000046ea000 	/System/Library/Frameworks/CoreGraphics.framework/Versions/A/CoreGraphics
0x00000000046ea000 	/System/Library/Frameworks/CoreText.framework/Versions/A/CoreText
0x00000000046ea000 	/System/Library/Frameworks/ImageIO.framework/Versions/A/ImageIO
0x00000000046ea000 	/usr/lib/libextension.dylib
0x00000000046ea000 	/System/Library/PrivateFrameworks/Backup.framework/Versions/A/Backup
0x00000000046ea000 	/usr/lib/libarchive.2.dylib
0x00000000046ea000 	/System/Library/Frameworks/CFNetwork.framework/Versions/A/CFNetwork
0x00000000046ea000 	/System/Library/Frameworks/SystemConfiguration.framework/Versions/A/SystemConfiguration
0x00000000046ea000 	/usr/lib/libCRFSuite.dylib
0x00000000046ea000 	/usr/lib/libc++.1.dylib
0x00000000046ea000 	/usr/lib/libc++abi.dylib
0x00000000046ea000 	/usr/lib/system/libcache.dylib
0x00000000046ea000 	/usr/lib/system/libcommonCrypto.dylib
0x00000000046ea000 	/usr/lib/system/libcompiler_rt.dylib
0x00000000046ea000 	/usr/lib/system/libcopyfile.dylib
0x00000000046ea000 	/usr/lib/system/libcorecrypto.dylib
0x00000000046ea000 	/usr/lib/system/libdispatch.dylib
0x00000000046ea000 	/usr/lib/system/libdyld.dylib
0x00000000046ea000 	/usr/lib/system/libkeymgr.dylib
0x00000000046ea000 	/usr/lib/system/liblaunch.dylib
0x00000000046ea000 	/usr/lib/system/libmacho.dylib
0x00000000046ea000 	/usr/lib/system/libquarantine.dylib
0x00000000046ea000 	/usr/lib/system/libremovefile.dylib
0x00000000046ea000 	/usr/lib/system/libsystem_asl.dylib
0x00000000046ea000 	/usr/lib/system/libsystem_blocks.dylib
0x00000000046ea000 	/usr/lib/system/libsystem_c.dylib
0x00000000046ea000 	/usr/lib/system/libsystem_configuration.dylib
0x00000000046ea000 	/usr/lib/system/libsystem_coreservices.dylib
0x00000000046ea000 	/usr/lib/system/libsystem_coretls.dylib
0x00000000046ea000 	/usr/lib/system/libsystem_dnssd.dylib
0x00000000046ea000 	/usr/lib/system/libsystem_info.dylib
0x00000000046ea000 	/usr/lib/system/libsystem_kernel.dylib
0x00000000046ea000 	/usr/lib/system/libsystem_m.dylib
0x00000000046ea000 	/usr/lib/system/libsystem_malloc.dylib
0x00000000046ea000 	/usr/lib/system/libsystem_network.dylib
0x00000000046ea000 	/usr/lib/system/libsystem_networkextension.dylib
0x00000000046ea000 	/usr/lib/system/libsystem_notify.dylib
0x00000000046ea000 	/usr/lib/system/libsystem_platform.dylib
0x00000000046ea000 	/usr/lib/system/libsystem_pthread.dylib
0x00000000046ea000 	/usr/lib/system/libsystem_sandbox.dylib
0x00000000046ea000 	/usr/lib/system/libsystem_secinit.dylib
0x00000000046ea000 	/usr/lib/system/libsystem_stats.dylib
0x00000000046ea000 	/usr/lib/system/libsystem_trace.dylib
0x00000000046ea000 	/usr/lib/system/libunc.dylib
0x00000000046ea000 	/usr/lib/system/libunwind.dylib
0x00000000046ea000 	/usr/lib/system/libxpc.dylib
0x00000000046ea000 	/usr/lib/libbz2.1.0.dylib
0x00000000046ea000 	/usr/lib/liblzma.5.dylib
0x00000000046ea000 	/usr/lib/libbsm.0.dylib
0x00000000046ea000 	/usr/lib/libsqlite3.dylib
0x00000000046ea000 	/usr/lib/system/libkxld.dylib
0x00000000046ea000 	/usr/lib/libxar.1.dylib
0x00000000046ea000 	/usr/lib/libpam.2.dylib
0x00000000046ea000 	/usr/lib/libOpenScriptingUtil.dylib
0x00000000046ea000 	/System/Library/Frameworks/CoreServices.framework/Versions/A/Frameworks/FSEvents.framework/Versions/A/FSEvents
0x00000000046ea000 	/System/Library/Frameworks/CoreServices.framework/Versions/A/Frameworks/CarbonCore.framework/Versions/A/CarbonCore
0x00000000046ea000 	/System/Library/Frameworks/CoreServices.framework/Versions/A/Frameworks/Metadata.framework/Versions/A/Metadata
0x00000000046ea000 	/System/Library/Frameworks/CoreServices.framework/Versions/A/Frameworks/OSServices.framework/Versions/A/OSServices
0x00000000046ea000 	/System/Library/Frameworks/CoreServices.framework/Versions/A/Frameworks/SearchKit.framework/Versions/A/SearchKit
0x00000000046ea000 	/System/Library/Frameworks/CoreServices.framework/Versions/A/Frameworks/AE.framework/Versions/A/AE
0x00000000046ea000 	/System/Library/Frameworks/CoreServices.framework/Versions/A/Frameworks/LaunchServices.framework/Versions/A/LaunchServices
0x00000000046ea000 	/System/Library/Frameworks/CoreServices.framework/Versions/A/Frameworks/DictionaryServices.framework/Versions/A/DictionaryServices
0x00000000046ea000 	/System/Library/Frameworks/NetFS.framework/Versions/A/NetFS
0x00000000046ea000 	/System/Library/PrivateFrameworks/NetAuth.framework/Versions/A/NetAuth
0x00000000046ea000 	/System/Library/PrivateFrameworks/login.framework/Versions/A/Frameworks/loginsupport.framework/Versions/A/loginsupport
0x00000000046ea000 	/System/Library/PrivateFrameworks/TCC.framework/Versions/A/TCC
0x00000000046ea000 	/usr/lib/libmecabra.dylib
0x00000000046ea000 	/System/Library/Frameworks/ApplicationServices.framework/Versions/A/Frameworks/ATS.framework/Versions/A/ATS
0x00000000046ea000 	/System/Library/Frameworks/ApplicationServices.framework/Versions/A/Frameworks/ColorSync.framework/Versions/A/ColorSync
0x00000000046ea000 	/System/Library/Frameworks/ApplicationServices.framework/Versions/A/Frameworks/HIServices.framework/Versions/A/HIServices
0x00000000046ea000 	/System/Library/Frameworks/ApplicationServices.framework/Versions/A/Frameworks/LangAnalysis.framework/Versions/A/LangAnalysis
0x00000000046ea000 	/System/Library/Frameworks/ApplicationServices.framework/Versions/A/Frameworks/PrintCore.framework/Versions/A/PrintCore
0x00000000046ea000 	/System/Library/Frameworks/ApplicationServices.framework/Versions/A/Frameworks/QD.framework/Versions/A/QD
0x00000000046ea000 	/System/Library/Frameworks/ApplicationServices.framework/Versions/A/Frameworks/SpeechSynthesis.framework/Versions/A/SpeechSynthesis
0x00000000046ea000 	/System/Library/Frameworks/Accelerate.framework/Versions/A/Accelerate
0x00000000046ea000 	/System/Library/Frameworks/Accelerate.framework/Versions/A/Frameworks/vImage.framework/Versions/A/vImage
0x00000000046ea000 	/System/Library/Frameworks/Accelerate.framework/Versions/A/Frameworks/vecLib.framework/Versions/A/vecLib
0x00000000046ea000 	/System/Library/Frameworks/Accelerate.framework/Versions/A/Frameworks/vecLib.framework/Versions/A/libvDSP.dylib
0x00000000046ea000 	/System/Library/Frameworks/Accelerate.framework/Versions/A/Frameworks/vecLib.framework/Versions/A/libvMisc.dylib
0x00000000046ea000 	/System/Library/Frameworks/Accelerate.framework/Versions/A/Frameworks/vecLib.framework/Versions/A/libLAPACK.dylib
0x00000000046ea000 	/System/Library/Frameworks/Accelerate.framework/Versions/A/Frameworks/vecLib.framework/Versions/A/libBLAS.dylib
0x00000000046ea000 	/System/Library/Frameworks/Accelerate.framework/Versions/A/Frameworks/vecLib.framework/Versions/A/libLinearAlgebra.dylib
0x00000000046ea000 	/System/Library/Frameworks/ApplicationServices.framework/Versions/A/Frameworks/ATS.framework/Versions/A/Resources/libFontParser.dylib
0x00000000046ea000 	/System/Library/Frameworks/ApplicationServices.framework/Versions/A/Frameworks/ATS.framework/Versions/A/Resources/libFontRegistry.dylib
0x00000000046ea000 	/System/Library/PrivateFrameworks/AppleVPA.framework/Versions/A/AppleVPA
0x00000000046ea000 	/System/Library/PrivateFrameworks/AppleJPEG.framework/Versions/A/AppleJPEG
0x00000000046ea000 	/System/Library/Frameworks/ImageIO.framework/Versions/A/Resources/libJPEG.dylib
0x00000000046ea000 	/System/Library/Frameworks/ImageIO.framework/Versions/A/Resources/libTIFF.dylib
0x00000000046ea000 	/System/Library/Frameworks/ImageIO.framework/Versions/A/Resources/libPng.dylib
0x00000000046ea000 	/System/Library/Frameworks/ImageIO.framework/Versions/A/Resources/libGIF.dylib
0x00000000046ea000 	/System/Library/Frameworks/ImageIO.framework/Versions/A/Resources/libJP2.dylib
0x00000000046ea000 	/System/Library/Frameworks/ImageIO.framework/Versions/A/Resources/libRadiance.dylib
0x00000000046ea000 	/System/Library/Frameworks/CoreVideo.framework/Versions/A/CoreVideo
0x00000000046ea000 	/System/Library/Frameworks/OpenGL.framework/Versions/A/Libraries/libGLU.dylib
0x00000000046ea000 	/System/Library/Frameworks/OpenGL.framework/Versions/A/Libraries/libGFXShared.dylib
0x00000000046ea000 	/System/Library/Frameworks/OpenGL.framework/Versions/A/Libraries/libGL.dylib
0x00000000046ea000 	/System/Library/Frameworks/OpenGL.framework/Versions/A/Libraries/libGLImage.dylib
0x00000000046ea000 	/System/Library/Frameworks/OpenGL.framework/Versions/A/Libraries/libCVMSPluginSupport.dylib
0x00000000046ea000 	/System/Library/Frameworks/OpenGL.framework/Versions/A/Libraries/libCoreVMClient.dylib
0x00000000046ea000 	/usr/lib/libcups.2.dylib
0x00000000046ea000 	/System/Library/Frameworks/Kerberos.framework/Versions/A/Kerberos
0x00000000046ea000 	/System/Library/Frameworks/GSS.framework/Versions/A/GSS
0x00000000046ea000 	/usr/lib/libresolv.9.dylib
0x00000000046ea000 	/usr/lib/libiconv.2.dylib
0x00000000046ea000 	/System/Library/PrivateFrameworks/Heimdal.framework/Versions/A/Heimdal
0x00000000046ea000 	/usr/lib/libheimdal-asn1.dylib
0x00000000046ea000 	/System/Library/Frameworks/OpenDirectory.framework/Versions/A/OpenDirectory
0x00000000046ea000 	/System/Library/PrivateFrameworks/CommonAuth.framework/Versions/A/CommonAuth
0x00000000046ea000 	/System/Library/Frameworks/OpenDirectory.framework/Versions/A/Frameworks/CFOpenDirectory.framework/Versions/A/CFOpenDirectory
0x00000000046ea000 	/System/Library/Frameworks/SecurityFoundation.framework/Versions/A/SecurityFoundation
0x00000000046ea000 	/System/Library/PrivateFrameworks/LanguageModeling.framework/Versions/A/LanguageModeling
0x00000000046ea000 	/usr/lib/libcmph.dylib
0x00000000046ea000 	/System/Library/Frameworks/ServiceManagement.framework/Versions/A/ServiceManagement
0x00000000046ea000 	/usr/lib/libxslt.1.dylib
0x00000000046ea000 	/System/Library/Frameworks/Carbon.framework/Versions/A/Frameworks/Ink.framework/Versions/A/Ink
0x00000000046ea000 	/System/Library/Frameworks/QuartzCore.framework/Versions/A/Frameworks/CoreImage.framework/Versions/A/CoreImage
0x00000000046ea000 	/System/Library/PrivateFrameworks/CrashReporterSupport.framework/Versions/A/CrashReporterSupport
0x00000000046ea000 	/System/Library/Frameworks/OpenCL.framework/Versions/A/OpenCL
0x00000000046ea000 	/System/Library/PrivateFrameworks/FaceCore.framework/Versions/A/FaceCore
0x00000000046ea000 	/System/Library/PrivateFrameworks/Ubiquity.framework/Versions/A/Ubiquity
0x00000000046ea000 	/System/Library/PrivateFrameworks/IconServices.framework/Versions/A/IconServices
0x00000000046ea000 	/System/Library/PrivateFrameworks/ChunkingLibrary.framework/Versions/A/ChunkingLibrary
0x00000000046ea000 	/System/Library/PrivateFrameworks/Apple80211.framework/Versions/A/Apple80211
0x00000000046ea000 	/System/Library/Frameworks/CoreWLAN.framework/Versions/A/CoreWLAN
0x00000000046ea000 	/System/Library/Frameworks/IOBluetooth.framework/Versions/A/IOBluetooth
0x00000000046ea000 	/System/Library/PrivateFrameworks/CoreWiFi.framework/Versions/A/CoreWiFi
0x00000000046ea000 	/System/Library/Frameworks/CoreBluetooth.framework/Versions/A/CoreBluetooth
0x00000000046ea000 	/System/Library/PrivateFrameworks/DebugSymbols.framework/Versions/A/DebugSymbols
0x00000000046ea000 	/System/Library/PrivateFrameworks/CoreSymbolication.framework/Versions/A/CoreSymbolication
0x00000000046ea000 	/System/Library/PrivateFrameworks/Symbolication.framework/Versions/A/Symbolication
0x00000000046ea000 	/System/Library/PrivateFrameworks/SpeechRecognitionCore.framework/Versions/A/SpeechRecognitionCore
0x000000010ccfd000 	/Library/Java/JavaVirtualMachines/jdk1.8.0_65.jdk/Contents/Home/jre/lib/server/libjvm.dylib
0x00000000046ea000 	/usr/lib/libstdc++.6.dylib
0x000000010dd89000 	/Library/Java/JavaVirtualMachines/jdk1.8.0_65.jdk/Contents/Home/jre/lib/libverify.dylib
0x000000010dd97000 	/Library/Java/JavaVirtualMachines/jdk1.8.0_65.jdk/Contents/Home/jre/lib/libjava.dylib
0x000000010dded000 	/Library/Java/JavaVirtualMachines/jdk1.8.0_65.jdk/Contents/Home/jre/lib/libzip.dylib
0x000000012210e000 	/System/Library/Frameworks/JavaVM.framework/Frameworks/JavaRuntimeSupport.framework/JavaRuntimeSupport
0x0000000122124000 	/System/Library/Frameworks/JavaVM.framework/Versions/A/Frameworks/JavaNativeFoundation.framework/Versions/A/JavaNativeFoundation
0x0000000122138000 	/System/Library/Frameworks/JavaVM.framework/Versions/A/JavaVM
0x00000000046ea000 	/System/Library/Frameworks/Carbon.framework/Versions/A/Carbon
0x0000000122144000 	/System/Library/PrivateFrameworks/JavaLaunching.framework/Versions/A/JavaLaunching
0x00000000046ea000 	/System/Library/Frameworks/Carbon.framework/Versions/A/Frameworks/CommonPanels.framework/Versions/A/CommonPanels
0x00000000046ea000 	/System/Library/Frameworks/Carbon.framework/Versions/A/Frameworks/Help.framework/Versions/A/Help
0x00000000046ea000 	/System/Library/Frameworks/Carbon.framework/Versions/A/Frameworks/ImageCapture.framework/Versions/A/ImageCapture
0x00000000046ea000 	/System/Library/Frameworks/Carbon.framework/Versions/A/Frameworks/OpenScripting.framework/Versions/A/OpenScripting
0x00000000046ea000 	/System/Library/Frameworks/Carbon.framework/Versions/A/Frameworks/Print.framework/Versions/A/Print
0x00000000046ea000 	/System/Library/Frameworks/Carbon.framework/Versions/A/Frameworks/SecurityHI.framework/Versions/A/SecurityHI

VM Arguments:
jvm_args: -Djava.awt.headless=true -Xmx1024M -Dfile.encoding=UTF-8 -Duser.country=US -Duser.language=en -Duser.variant 
java_command: com.android.dx.command.Main --dex --force-jumbo --num-threads=4 --multi-dex --output /Users/luthfi/Dropbox/TA/VirtualTour/app/build/intermediates/transforms/dex/debug/folders/1000/10/com.android.support-support-vector-drawable-23.4.0_40defb43400cbd836e6b591346e3abeb52473ed8 /Users/luthfi/Dropbox/TA/VirtualTour/app/build/intermediates/exploded-aar/com.android.support/support-vector-drawable/23.4.0/jars/classes.jar
java_class_path (initial): /Volumes/DATA/android-sdk-macosx/build-tools/23.0.3/lib/dx.jar
Launcher Type: SUN_STANDARD

Environment Variables:
PATH=/usr/bin:/bin:/usr/sbin:/sbin
SHELL=/bin/bash

Signal Handlers:
SIGSEGV: [libjvm.dylib+0x5a6d31], sa_mask[0]=11111111011111110111111111111111, sa_flags=SA_ONSTACK|SA_RESTART|SA_SIGINFO
SIGBUS: [libjvm.dylib+0x5a6d31], sa_mask[0]=11111111011111110111111111111111, sa_flags=SA_RESTART|SA_SIGINFO
SIGFPE: [libjvm.dylib+0x480a40], sa_mask[0]=11111111011111110111111111111111, sa_flags=SA_RESTART|SA_SIGINFO
SIGPIPE: [libjvm.dylib+0x480a40], sa_mask[0]=11111111011111110111111111111111, sa_flags=SA_RESTART|SA_SIGINFO
SIGXFSZ: [libjvm.dylib+0x480a40], sa_mask[0]=11111111011111110111111111111111, sa_flags=SA_RESTART|SA_SIGINFO
SIGILL: [libjvm.dylib+0x480a40], sa_mask[0]=11111111011111110111111111111111, sa_flags=SA_RESTART|SA_SIGINFO
SIGUSR1: SIG_DFL, sa_mask[0]=00000000000000000000000000000000, sa_flags=none
SIGUSR2: [libjvm.dylib+0x48055e], sa_mask[0]=00100000000000000000000000000000, sa_flags=SA_RESTART|SA_SIGINFO
SIGHUP: SIG_DFL, sa_mask[0]=11111111011111110111111111111111, sa_flags=SA_RESTART|SA_SIGINFO
SIGINT: SIG_DFL, sa_mask[0]=11111111011111110111111111111111, sa_flags=SA_RESTART|SA_SIGINFO
SIGTERM: SIG_DFL, sa_mask[0]=11111111011111110111111111111111, sa_flags=SA_RESTART|SA_SIGINFO
SIGQUIT: SIG_DFL, sa_mask[0]=11111111011111110111111111111111, sa_flags=SA_RESTART|SA_SIGINFO


---------------  S Y S T E M  ---------------

OS:Bsduname:Darwin 14.5.0 Darwin Kernel Version 14.5.0: Thu Jun 16 19:58:21 PDT 2016; root:xnu-2782.50.4~1/RELEASE_X86_64 x86_64
rlimit: STACK 8192k, CORE 0k, NPROC 709, NOFILE 10240, AS infinity
load average:2.21 1.85 1.78

CPU:total 4 (4 cores per cpu, 1 threads per core) family 6 model 23 stepping 10, cmov, cx8, fxsr, mmx, sse, sse2, sse3, ssse3, tsc

Memory: 4k page, physical 8388608k(141636k free)

/proc/meminfo:


vm_info: Java HotSpot(TM) 64-Bit Server VM (25.65-b01) for bsd-amd64 JRE (1.8.0_65-b17), built on Oct  6 2015 15:36:46 by "java_re" with gcc 4.2.1 (Based on Apple Inc. build 5658) (LLVM build 2336.11.00)

time: Sun Aug 14 18:55:02 2016
elapsed time: 0 seconds (0d 0h 0m 0s)

